<?xml version="1.0" encoding="UTF-8"?>
<!-- Generated by org.testng.reporters.JUnitXMLReporter -->
<testsuite ignored="1" hostname="DESKTOP-BK4B6US" failures="0" tests="3" name="Test" time="0.06" errors="0" timestamp="2022-04-20T14:27:51 MST">
  <testcase classname="Test.GroupingDemo" name="test1" time="0.005"/>
  <testcase classname="Test.GroupingDemo" name="test2" time="0.001"/>
  <testcase classname="Test.GroupingDemo" name="test3" time="0.002"/>
  <testcase classname="Test.GroupingDemo" name="test4" time="0.0">
    <ignored/>
  </testcase> <!-- test4 -->
</testsuite> <!-- Test -->
