<?xml version="1.0" encoding="UTF-8"?>
<testng-results ignored="0" total="1" passed="1" failed="0" skipped="0">
  <reporter-output>
  </reporter-output>
  <suite started-at="2022-04-27T14:45:46 MST" name="Default suite" finished-at="2022-04-27T14:45:54 MST" duration-ms="7559">
    <groups>
    </groups>
    <test started-at="2022-04-27T14:45:46 MST" name="Default test" finished-at="2022-04-27T14:45:54 MST" duration-ms="7559">
      <class name="Test.OrangeHRMKatlon">
        <test-method is-config="true" signature="setUp()[pri:0, instance:Test.OrangeHRMKatlon@38d8f54a]" started-at="2022-04-27T14:45:46 MST" name="setUp" finished-at="2022-04-27T14:45:49 MST" duration-ms="2250" status="PASS">
          <reporter-output>
          </reporter-output>
        </test-method> <!-- setUp -->
        <test-method signature="testUntitledTestCase()[pri:0, instance:Test.OrangeHRMKatlon@38d8f54a]" started-at="2022-04-27T14:45:49 MST" name="testUntitledTestCase" finished-at="2022-04-27T14:45:53 MST" duration-ms="4934" status="PASS">
          <reporter-output>
          </reporter-output>
        </test-method> <!-- testUntitledTestCase -->
        <test-method is-config="true" signature="tearDown()[pri:0, instance:Test.OrangeHRMKatlon@38d8f54a]" started-at="2022-04-27T14:45:53 MST" name="tearDown" finished-at="2022-04-27T14:45:54 MST" duration-ms="342" status="PASS">
          <reporter-output>
          </reporter-output>
        </test-method> <!-- tearDown -->
      </class> <!-- Test.OrangeHRMKatlon -->
    </test> <!-- Default test -->
  </suite> <!-- Default suite -->
</testng-results>
